<?xml version="1.0"?>
<!DOCTYPE coverage SYSTEM "http://cobertura.sourceforge.net/xml/coverage-03.dtd">

<coverage line-rate="0.0" branch-rate="1.0" version="1.9" timestamp="1599662653818">
	<sources>
		<source>/home/userc/applinico/nico-dao/target/generated-sources/annotations</source>
		<source>--source</source>
		<source>/home/userc/applinico/nico-dao/src/main/java</source>
	</sources>
	<packages>
		<package name="nico.app" line-rate="0.0" branch-rate="1.0" complexity="1.0">
			<classes>
				<class name="nico.app.App" filename="nico/app/App.java" line-rate="0.0" branch-rate="1.0" complexity="1.0">
					<methods>
						<method name="&lt;init&gt;" signature="()V" line-rate="0.0" branch-rate="1.0">
							<lines>
								<line number="7" hits="0" branch="false"/>
							</lines>
						</method>
						<method name="main" signature="([Ljava/lang/String;)V" line-rate="0.0" branch-rate="1.0">
							<lines>
								<line number="11" hits="0" branch="false"/>
								<line number="12" hits="0" branch="false"/>
							</lines>
						</method>
					</methods>
					<lines>
						<line number="7" hits="0" branch="false"/>
						<line number="11" hits="0" branch="false"/>
						<line number="12" hits="0" branch="false"/>
					</lines>
				</class>
			</classes>
		</package>
	</packages>
</coverage>
